<?xml version="1.0" encoding="UTF-8"?>
<!-- Generated by org.testng.reporters.JUnitReportReporter -->
<testsuite hostname="Arche-ITD431" failures="0" tests="1" name="Automation.StreamTutorial" time="0.011" errors="0" timestamp="2023-02-09T10:39:16 IST" skipped="0">
  <testcase classname="Automation.StreamTutorial" name="streamMap" time="0.011"/>
  <system-out/>
</testsuite> <!-- Automation.StreamTutorial -->
