<?xml version="1.0" encoding="UTF-8"?>
<!-- Generated by org.testng.reporters.JUnitReportReporter -->
<testsuite hostname="Arche-ITD431" failures="0" tests="1" name="Automation.TestJAVA" time="3.532" errors="0" timestamp="2023-02-09T10:39:16 IST" skipped="0">
  <testcase classname="Automation.TestJAVA" name="VerifyAddtoProduct" time="3.532"/>
  <system-out/>
</testsuite> <!-- Automation.TestJAVA -->
