<?xml version="1.0" encoding="UTF-8"?>
<!-- Generated by org.testng.reporters.JUnitReportReporter -->
<testsuite hostname="Arche-ITD431" failures="0" tests="1" name="Automation.testNg" time="0.019" errors="0" timestamp="2023-02-09T14:20:38 IST" skipped="0">
  <testcase classname="Automation.testNg" name="demo" time="0.019"/>
  <system-out/>
</testsuite> <!-- Automation.testNg -->
