<?xml version="1.0" encoding="UTF-8"?>
<!-- Generated by org.testng.reporters.JUnitReportReporter -->
<testsuite hostname="Arche-ITD431" failures="0" tests="1" name="test.ExtentReports.report1" time="4.787" errors="0" timestamp="2023-02-14T10:40:16 IST" skipped="0">
  <testcase classname="test.ExtentReports.report1" name="initialDemo" time="4.787"/>
  <system-out/>
</testsuite> <!-- test.ExtentReports.report1 -->
